Using pre-set license
Built from '2022.3/release' branch; Version is '2022.3.20f1 (61c2feb0970d) revision 6406910'; Using compiler version '192829333'; Build Type 'Release'
OS: 'Windows 11  (10.0.22621) 64bit Professional' Language: 'es' Physical Memory: 16208 MB
BatchMode: 1, IsHumanControllingUs: 0, StartBugReporterOnCrash: 0, Is64bit: 1, IsPro: 1

COMMAND LINE ARGUMENTS:
C:\Program Files\Unity\Hub\Editor\2022.3.20f1\Editor\Unity.exe
-adb2
-batchMode
-noUpm
-name
AssetImportWorker0
-projectPath
C:/Users/Tardes/Documents/GameAssets/My project
-logFile
Logs/AssetImportWorker0.log
-srvPort
59072
Successfully changed project path to: C:/Users/Tardes/Documents/GameAssets/My project
C:/Users/Tardes/Documents/GameAssets/My project
[UnityMemory] Configuration Parameters - Can be set up in boot.config
    "memorysetup-bucket-allocator-granularity=16"
    "memorysetup-bucket-allocator-bucket-count=8"
    "memorysetup-bucket-allocator-block-size=33554432"
    "memorysetup-bucket-allocator-block-count=8"
    "memorysetup-main-allocator-block-size=16777216"
    "memorysetup-thread-allocator-block-size=16777216"
    "memorysetup-gfx-main-allocator-block-size=16777216"
    "memorysetup-gfx-thread-allocator-block-size=16777216"
    "memorysetup-cache-allocator-block-size=4194304"
    "memorysetup-typetree-allocator-block-size=2097152"
    "memorysetup-profiler-bucket-allocator-granularity=16"
    "memorysetup-profiler-bucket-allocator-bucket-count=8"
    "memorysetup-profiler-bucket-allocator-block-size=33554432"
    "memorysetup-profiler-bucket-allocator-block-count=8"
    "memorysetup-profiler-allocator-block-size=16777216"
    "memorysetup-profiler-editor-allocator-block-size=1048576"
    "memorysetup-temp-allocator-size-main=16777216"
    "memorysetup-job-temp-allocator-block-size=2097152"
    "memorysetup-job-temp-allocator-block-size-background=1048576"
    "memorysetup-job-temp-allocator-reduction-small-platforms=262144"
    "memorysetup-allocator-temp-initial-block-size-main=262144"
    "memorysetup-allocator-temp-initial-block-size-worker=262144"
    "memorysetup-temp-allocator-size-background-worker=32768"
    "memorysetup-temp-allocator-size-job-worker=262144"
    "memorysetup-temp-allocator-size-preload-manager=33554432"
    "memorysetup-temp-allocator-size-nav-mesh-worker=65536"
    "memorysetup-temp-allocator-size-audio-worker=65536"
    "memorysetup-temp-allocator-size-cloud-worker=32768"
    "memorysetup-temp-allocator-size-gi-baking-worker=262144"
    "memorysetup-temp-allocator-size-gfx=262144"
Player connection [10576] Host "[IP] 192.168.1.117 [Port] 0 [Flags] 2 [Guid] 2963106749 [EditorId] 2963106749 [Version] 1048832 [Id] WindowsEditor(7,SB06-05) [Debug] 1 [PackageName] WindowsEditor [ProjectName] Editor" joined multi-casting on [225.0.0.222:54997]...

Player connection [10576] Host "[IP] 192.168.1.117 [Port] 0 [Flags] 2 [Guid] 2963106749 [EditorId] 2963106749 [Version] 1048832 [Id] WindowsEditor(7,SB06-05) [Debug] 1 [PackageName] WindowsEditor [ProjectName] Editor" joined alternative multi-casting on [225.0.0.222:34997]...

[Physics::Module] Initialized MultithreadedJobDispatcher with 11 workers.
Refreshing native plugins compatible for Editor in 8.93 ms, found 3 plugins.
Preloading 0 native plugins for Editor in 0.00 ms.
Initialize engine version: 2022.3.20f1 (61c2feb0970d)
[Subsystems] Discovering subsystems at path C:/Program Files/Unity/Hub/Editor/2022.3.20f1/Editor/Data/Resources/UnitySubsystems
[Subsystems] Discovering subsystems at path C:/Users/Tardes/Documents/GameAssets/My project/Assets
GfxDevice: creating device client; threaded=0; jobified=0
Direct3D:
    Version:  Direct3D 11.0 [level 11.1]
    Renderer: Intel(R) UHD Graphics 630 (ID=0x9bc8)
    Vendor:   Intel
    VRAM:     8104 MB
    Driver:   31.0.101.2111
Initialize mono
Mono path[0] = 'C:/Program Files/Unity/Hub/Editor/2022.3.20f1/Editor/Data/Managed'
Mono path[1] = 'C:/Program Files/Unity/Hub/Editor/2022.3.20f1/Editor/Data/MonoBleedingEdge/lib/mono/unityjit-win32'
Mono config path = 'C:/Program Files/Unity/Hub/Editor/2022.3.20f1/Editor/Data/MonoBleedingEdge/etc'
Using monoOptions --debugger-agent=transport=dt_socket,embedding=1,server=y,suspend=n,address=127.0.0.1:56128
Begin MonoManager ReloadAssembly
Registering precompiled unity dll's ...
Register platform support module: C:/Program Files/Unity/Hub/Editor/2022.3.20f1/Editor/Data/PlaybackEngines/WebGLSupport/UnityEditor.WebGL.Extensions.dll
Register platform support module: C:/Program Files/Unity/Hub/Editor/2022.3.20f1/Editor/Data/PlaybackEngines/WindowsStandaloneSupport/UnityEditor.WindowsStandalone.Extensions.dll
Registered in 0.007993 seconds.
- Loaded All Assemblies, in  0.507 seconds
Native extension for WindowsStandalone target not found
Native extension for WebGL target not found
Mono: successfully reloaded assembly
- Finished resetting the current domain, in  0.373 seconds
Domain Reload Profiling: 878ms
	BeginReloadAssembly (143ms)
		ExecutionOrderSort (0ms)
		DisableScriptedObjects (0ms)
		BackupInstance (0ms)
		ReleaseScriptingObjects (0ms)
		CreateAndSetChildDomain (1ms)
	RebuildCommonClasses (46ms)
	RebuildNativeTypeToScriptingClass (14ms)
	initialDomainReloadingComplete (74ms)
	LoadAllAssembliesAndSetupDomain (229ms)
		LoadAssemblies (140ms)
		RebuildTransferFunctionScriptingTraits (0ms)
		AnalyzeDomain (227ms)
			TypeCache.Refresh (225ms)
				TypeCache.ScanAssembly (204ms)
			ScanForSourceGeneratedMonoScriptInfo (0ms)
			ResolveRequiredComponents (0ms)
	FinalizeReload (373ms)
		ReleaseScriptCaches (0ms)
		RebuildScriptCaches (0ms)
		SetupLoadedEditorAssemblies (290ms)
			LogAssemblyErrors (0ms)
			InitializePlatformSupportModulesInManaged (13ms)
			SetLoadedEditorAssemblies (8ms)
			RefreshPlugins (0ms)
			BeforeProcessingInitializeOnLoad (3ms)
			ProcessInitializeOnLoadAttributes (199ms)
			ProcessInitializeOnLoadMethodAttributes (66ms)
			AfterProcessingInitializeOnLoad (0ms)
			EditorAssembliesLoaded (0ms)
		ExecutionOrderSort2 (0ms)
		AwakeInstancesAfterBackupRestoration (0ms)
========================================================================
Worker process is ready to serve import requests
Begin MonoManager ReloadAssembly
- Loaded All Assemblies, in  0.877 seconds
Refreshing native plugins compatible for Editor in 3.03 ms, found 3 plugins.
Native extension for WindowsStandalone target not found
Native extension for WebGL target not found
Package Manager log level set to [2]
[Package Manager] Server::EnsureServerProcessIsRunning -- launch failed, reason: Unity was launched with the -noUpm command-line argument
[Package Manager] UpmClient::Send -- Unable to send message (not connected to UPM process).
[Package Manager] Cannot connect to Unity Package Manager local server
Mono: successfully reloaded assembly
- Finished resetting the current domain, in  0.783 seconds
Domain Reload Profiling: 1658ms
	BeginReloadAssembly (226ms)
		ExecutionOrderSort (0ms)
		DisableScriptedObjects (7ms)
		BackupInstance (0ms)
		ReleaseScriptingObjects (0ms)
		CreateAndSetChildDomain (31ms)
	RebuildCommonClasses (51ms)
	RebuildNativeTypeToScriptingClass (14ms)
	initialDomainReloadingComplete (58ms)
	LoadAllAssembliesAndSetupDomain (526ms)
		LoadAssemblies (419ms)
		RebuildTransferFunctionScriptingTraits (0ms)
		AnalyzeDomain (247ms)
			TypeCache.Refresh (221ms)
				TypeCache.ScanAssembly (198ms)
			ScanForSourceGeneratedMonoScriptInfo (20ms)
			ResolveRequiredComponents (5ms)
	FinalizeReload (783ms)
		ReleaseScriptCaches (0ms)
		RebuildScriptCaches (0ms)
		SetupLoadedEditorAssemblies (571ms)
			LogAssemblyErrors (0ms)
			InitializePlatformSupportModulesInManaged (9ms)
			SetLoadedEditorAssemblies (8ms)
			RefreshPlugins (0ms)
			BeforeProcessingInitializeOnLoad (87ms)
			ProcessInitializeOnLoadAttributes (433ms)
			ProcessInitializeOnLoadMethodAttributes (29ms)
			AfterProcessingInitializeOnLoad (6ms)
			EditorAssembliesLoaded (0ms)
		ExecutionOrderSort2 (0ms)
		AwakeInstancesAfterBackupRestoration (9ms)
Launched and connected shader compiler UnityShaderCompiler.exe after 0.06 seconds
Refreshing native plugins compatible for Editor in 3.53 ms, found 3 plugins.
Preloading 0 native plugins for Editor in 0.00 ms.
Unloading 3083 Unused Serialized files (Serialized files now loaded: 0)
Unloading 32 unused Assets / (57.0 KB). Loaded Objects now: 3544.
Memory consumption went from 122.5 MB to 122.4 MB.
Total: 3.894800 ms (FindLiveObjects: 0.244000 ms CreateObjectMapping: 0.200900 ms MarkObjects: 3.308200 ms  DeleteObjects: 0.140300 ms)

AssetImportParameters requested are different than current active one (requested -> active):
  custom:container-demuxer-ogg: 62fdf1f143b41e24485cea50d1cbac27 -> 
  custom:video-codec-MediaFoundation-h265: 746d11721c4dcdbdad8f713fa42b33f4 -> 
  custom:video-decoder-ogg-theora: a1e56fd34408186e4bbccfd4996cb3dc -> 
  custom:framework-win-MediaFoundation: 216162199b28c13a410421893ffa2e32 -> 
  custom:CustomObjectIndexerAttribute: 6d391050e5a25f67b0a2c618074f2cd9 -> 
  custom:container-demuxer-webm: 4f35f7cbe854078d1ac9338744f61a02 -> 
  custom:container-muxer-webm: aa71ff27fc2769a1b78a27578f13a17b -> 
  custom:video-decoder-webm-vp8: 9c59270c3fd7afecdb556c50c9e8de78 -> 
  custom:SearchIndexIgnoredProperties: e643bd26f0fe6173181afceb89e7c659 -> 
  custom:AudioImporter_EditorPlatform: d09bf68614088b80899f8185d706f6e7 -> 
  custom:video-encoder-webm-vp8: eb34c28f22e8b96e1ab97ce403110664 -> 
  custom:audio-decoder-ogg-vorbis: bf7c407c2cedff20999df2af8eb42d56 -> 
  custom:audio-encoder-webm-vorbis: bf7c407c2cedff20999df2af8eb42d56 -> 
========================================================================
Received Import Request.
  Time since last request: 105464.164702 seconds.
  path: Assets/Scenes/SampleScene.unity
  artifactKey: Guid(9fc0d4010bbf28b4594072e72b8655ab) Importer(815301076,1909f56bfc062723c751e8b465ee728b)
Start importing Assets/Scenes/SampleScene.unity using Guid(9fc0d4010bbf28b4594072e72b8655ab) Importer(815301076,1909f56bfc062723c751e8b465ee728b)  -> (artifact id: 'a85bec50c8be757587fedfaade313866') in 0.001975 seconds
Number of updated asset objects reloaded before import = 0
Number of asset objects unloaded after import = 0
========================================================================
Received Import Request.
  Time since last request: 115.901982 seconds.
  path: Assets/Scenes
  artifactKey: Guid(3bbffa6ebc013d3439333f040c42424c) Importer(815301076,1909f56bfc062723c751e8b465ee728b)
Start importing Assets/Scenes using Guid(3bbffa6ebc013d3439333f040c42424c) Importer(815301076,1909f56bfc062723c751e8b465ee728b)  -> (artifact id: '622c874496a182e9b948b1f60c2a1c06') in 0.000440 seconds
Number of updated asset objects reloaded before import = 0
Number of asset objects unloaded after import = 0
========================================================================
Received Import Request.
  Time since last request: 7.070178 seconds.
  path: Assets/ui
  artifactKey: Guid(95d900a3e6285da4f8b86764372fa0ab) Importer(815301076,1909f56bfc062723c751e8b465ee728b)
Start importing Assets/ui using Guid(95d900a3e6285da4f8b86764372fa0ab) Importer(815301076,1909f56bfc062723c751e8b465ee728b)  -> (artifact id: 'f9dc55b037f09a50552329f7cf42c306') in 0.000395 seconds
Number of updated asset objects reloaded before import = 0
Number of asset objects unloaded after import = 0
========================================================================
Received Import Request.
  Time since last request: 0.698135 seconds.
  path: Assets/textures
  artifactKey: Guid(43dd8e1c82130224ab91d2f8bf83a92e) Importer(815301076,1909f56bfc062723c751e8b465ee728b)
Start importing Assets/textures using Guid(43dd8e1c82130224ab91d2f8bf83a92e) Importer(815301076,1909f56bfc062723c751e8b465ee728b)  -> (artifact id: '7c1e50f837cf5ef4cadd9567e290db41') in 0.000487 seconds
Number of updated asset objects reloaded before import = 0
Number of asset objects unloaded after import = 0
========================================================================
Received Import Request.
  Time since last request: 0.584834 seconds.
  path: Assets/sprites
  artifactKey: Guid(5aa437dcf6486d44d97d22a992f250ee) Importer(815301076,1909f56bfc062723c751e8b465ee728b)
Start importing Assets/sprites using Guid(5aa437dcf6486d44d97d22a992f250ee) Importer(815301076,1909f56bfc062723c751e8b465ee728b)  -> (artifact id: 'f58d089e737e488e4c5ffe14f6c1fe3f') in 0.000402 seconds
Number of updated asset objects reloaded before import = 0
Number of asset objects unloaded after import = 0
========================================================================
Received Import Request.
  Time since last request: 0.494309 seconds.
  path: Assets/sounds
  artifactKey: Guid(adb1a4b7698c0684ea4afc1a9f3ad5e2) Importer(815301076,1909f56bfc062723c751e8b465ee728b)
Start importing Assets/sounds using Guid(adb1a4b7698c0684ea4afc1a9f3ad5e2) Importer(815301076,1909f56bfc062723c751e8b465ee728b)  -> (artifact id: '8d8352980a3808aa3cd7c09a74cd43ee') in 0.000370 seconds
Number of updated asset objects reloaded before import = 0
Number of asset objects unloaded after import = 0
========================================================================
Received Import Request.
  Time since last request: 2.430125 seconds.
  path: Assets/shaders
  artifactKey: Guid(836ac0c6da40b5145ada444de2415496) Importer(815301076,1909f56bfc062723c751e8b465ee728b)
Start importing Assets/shaders using Guid(836ac0c6da40b5145ada444de2415496) Importer(815301076,1909f56bfc062723c751e8b465ee728b)  -> (artifact id: '40153ef94eac279c0edc757ae262572d') in 0.000500 seconds
Number of updated asset objects reloaded before import = 0
Number of asset objects unloaded after import = 0
========================================================================
Received Import Request.
  Time since last request: 1.559859 seconds.
  path: Assets/scripts
  artifactKey: Guid(68b7014f7ed3803479324233c7887930) Importer(815301076,1909f56bfc062723c751e8b465ee728b)
Start importing Assets/scripts using Guid(68b7014f7ed3803479324233c7887930) Importer(815301076,1909f56bfc062723c751e8b465ee728b)  -> (artifact id: '111ec274eeb36748c0957b4285a1c847') in 0.000357 seconds
Number of updated asset objects reloaded before import = 0
Number of asset objects unloaded after import = 0
========================================================================
Received Import Request.
  Time since last request: 518.049547 seconds.
  path: Assets/Scenes/SampleScene.unity
  artifactKey: Guid(9fc0d4010bbf28b4594072e72b8655ab) Importer(2089858483,0ecaa5967403d082aa24f35e1b516d23)
Start importing Assets/Scenes/SampleScene.unity using Guid(9fc0d4010bbf28b4594072e72b8655ab) Importer(2089858483,0ecaa5967403d082aa24f35e1b516d23) Generated GUIDs only implemented for interfaces!
 -> (artifact id: '6d7b158da472049bfb7e9518c799b10a') in 0.060808 seconds
Number of updated asset objects reloaded before import = 0
Number of asset objects unloaded after import = 1
========================================================================
Received Import Request.
  Time since last request: 483.218300 seconds.
  path: Assets/materials
  artifactKey: Guid(9ce7943185cc82d4db4edd6014de0a79) Importer(815301076,1909f56bfc062723c751e8b465ee728b)
Start importing Assets/materials using Guid(9ce7943185cc82d4db4edd6014de0a79) Importer(815301076,1909f56bfc062723c751e8b465ee728b)  -> (artifact id: '9b11d28e7782a9597511179a699429f5') in 0.000825 seconds
Number of updated asset objects reloaded before import = 0
Number of asset objects unloaded after import = 0
========================================================================
Received Import Request.
  Time since last request: 12.921550 seconds.
  path: Assets/materials/ojo.mat
  artifactKey: Guid(7ac4fdf4264f9db4084e8d0c7e25b309) Importer(815301076,1909f56bfc062723c751e8b465ee728b)
Start importing Assets/materials/ojo.mat using Guid(7ac4fdf4264f9db4084e8d0c7e25b309) Importer(815301076,1909f56bfc062723c751e8b465ee728b)  -> (artifact id: 'af6cd45cdd924c2b9af555bbcd6c610f') in 0.314534 seconds
Number of updated asset objects reloaded before import = 0
Number of asset objects unloaded after import = 1
========================================================================
Received Import Request.
  Time since last request: 0.657362 seconds.
  path: Assets/materials/ojo.mat
  artifactKey: Guid(7ac4fdf4264f9db4084e8d0c7e25b309) Importer(2089858483,0ecaa5967403d082aa24f35e1b516d23)
Start importing Assets/materials/ojo.mat using Guid(7ac4fdf4264f9db4084e8d0c7e25b309) Importer(2089858483,0ecaa5967403d082aa24f35e1b516d23) Generated GUIDs only implemented for interfaces!
 -> (artifact id: '322b049d5a4543b20e3cdee5578bbe19') in 0.033447 seconds
Number of updated asset objects reloaded before import = 0
Number of asset objects unloaded after import = 1
========================================================================
Received Import Request.
  Time since last request: 149.447546 seconds.
  path: Assets/materials/calor ojo.mat
  artifactKey: Guid(7ac4fdf4264f9db4084e8d0c7e25b309) Importer(815301076,1909f56bfc062723c751e8b465ee728b)
Start importing Assets/materials/calor ojo.mat using Guid(7ac4fdf4264f9db4084e8d0c7e25b309) Importer(815301076,1909f56bfc062723c751e8b465ee728b)  -> (artifact id: 'a39cc78bc3b655e3f263734577d458be') in 0.013782 seconds
Number of updated asset objects reloaded before import = 0
Number of asset objects unloaded after import = 1
========================================================================
Received Import Request.
  Time since last request: 0.964427 seconds.
  path: Assets/materials/calor ojo.mat
  artifactKey: Guid(7ac4fdf4264f9db4084e8d0c7e25b309) Importer(2089858483,0ecaa5967403d082aa24f35e1b516d23)
Start importing Assets/materials/calor ojo.mat using Guid(7ac4fdf4264f9db4084e8d0c7e25b309) Importer(2089858483,0ecaa5967403d082aa24f35e1b516d23) Generated GUIDs only implemented for interfaces!
 -> (artifact id: '244abb8c83e35e76b42667c5b8c051ce') in 0.009724 seconds
Number of updated asset objects reloaded before import = 0
Number of asset objects unloaded after import = 1
========================================================================
Received Import Request.
  Time since last request: 14.549522 seconds.
  path: Assets/materials/New Material.mat
  artifactKey: Guid(cb5732922786c1f4ba9b61e57c8d44cb) Importer(815301076,1909f56bfc062723c751e8b465ee728b)
Start importing Assets/materials/New Material.mat using Guid(cb5732922786c1f4ba9b61e57c8d44cb) Importer(815301076,1909f56bfc062723c751e8b465ee728b)  -> (artifact id: '559e62d26976848f5892a58268e3ce3e') in 0.012244 seconds
Number of updated asset objects reloaded before import = 0
Number of asset objects unloaded after import = 1
========================================================================
Received Import Request.
  Time since last request: 0.962810 seconds.
  path: Assets/materials/New Material.mat
  artifactKey: Guid(cb5732922786c1f4ba9b61e57c8d44cb) Importer(2089858483,0ecaa5967403d082aa24f35e1b516d23)
Start importing Assets/materials/New Material.mat using Guid(cb5732922786c1f4ba9b61e57c8d44cb) Importer(2089858483,0ecaa5967403d082aa24f35e1b516d23) Generated GUIDs only implemented for interfaces!
 -> (artifact id: '619182179e15c0472c568896fb8d2a80') in 0.011715 seconds
Number of updated asset objects reloaded before import = 0
Number of asset objects unloaded after import = 1
========================================================================
Received Import Request.
  Time since last request: 76.247283 seconds.
  path: Assets/materials/New Material 1.mat
  artifactKey: Guid(eed22c3a0fc3ae24f8893fbe40edddae) Importer(815301076,1909f56bfc062723c751e8b465ee728b)
Start importing Assets/materials/New Material 1.mat using Guid(eed22c3a0fc3ae24f8893fbe40edddae) Importer(815301076,1909f56bfc062723c751e8b465ee728b)  -> (artifact id: '1b9f1402eeea9cfb19dd7906c164234a') in 0.015665 seconds
Number of updated asset objects reloaded before import = 0
Number of asset objects unloaded after import = 1
========================================================================
Received Import Request.
  Time since last request: 0.962145 seconds.
  path: Assets/materials/New Material 1.mat
  artifactKey: Guid(eed22c3a0fc3ae24f8893fbe40edddae) Importer(2089858483,0ecaa5967403d082aa24f35e1b516d23)
Start importing Assets/materials/New Material 1.mat using Guid(eed22c3a0fc3ae24f8893fbe40edddae) Importer(2089858483,0ecaa5967403d082aa24f35e1b516d23) Generated GUIDs only implemented for interfaces!
 -> (artifact id: '4313a057cda318e1a2a2cce99a5a5f32') in 0.009600 seconds
Number of updated asset objects reloaded before import = 0
Number of asset objects unloaded after import = 1
========================================================================
Received Import Request.
  Time since last request: 21.653867 seconds.
  path: Assets/materials/color iris.mat
  artifactKey: Guid(cb5732922786c1f4ba9b61e57c8d44cb) Importer(815301076,1909f56bfc062723c751e8b465ee728b)
Start importing Assets/materials/color iris.mat using Guid(cb5732922786c1f4ba9b61e57c8d44cb) Importer(815301076,1909f56bfc062723c751e8b465ee728b)  -> (artifact id: '82de2e8c7c55e127c8bc55082c328d62') in 0.014191 seconds
Number of updated asset objects reloaded before import = 0
Number of asset objects unloaded after import = 1
========================================================================
Received Import Request.
  Time since last request: 0.964193 seconds.
  path: Assets/materials/color iris.mat
  artifactKey: Guid(cb5732922786c1f4ba9b61e57c8d44cb) Importer(2089858483,0ecaa5967403d082aa24f35e1b516d23)
Start importing Assets/materials/color iris.mat using Guid(cb5732922786c1f4ba9b61e57c8d44cb) Importer(2089858483,0ecaa5967403d082aa24f35e1b516d23) Generated GUIDs only implemented for interfaces!
 -> (artifact id: '17f105faae2a02d5e0dca7a6e9457de3') in 0.010807 seconds
Number of updated asset objects reloaded before import = 0
Number of asset objects unloaded after import = 1
========================================================================
Received Import Request.
  Time since last request: 26.716212 seconds.
  path: Assets/materials/color cuerpio.mat
  artifactKey: Guid(eed22c3a0fc3ae24f8893fbe40edddae) Importer(815301076,1909f56bfc062723c751e8b465ee728b)
Start importing Assets/materials/color cuerpio.mat using Guid(eed22c3a0fc3ae24f8893fbe40edddae) Importer(815301076,1909f56bfc062723c751e8b465ee728b)  -> (artifact id: '19028330ad2fdaae332f6f81b4d1b097') in 0.012967 seconds
Number of updated asset objects reloaded before import = 0
Number of asset objects unloaded after import = 1
========================================================================
Received Import Request.
  Time since last request: 0.964562 seconds.
  path: Assets/materials/color cuerpio.mat
  artifactKey: Guid(eed22c3a0fc3ae24f8893fbe40edddae) Importer(2089858483,0ecaa5967403d082aa24f35e1b516d23)
Start importing Assets/materials/color cuerpio.mat using Guid(eed22c3a0fc3ae24f8893fbe40edddae) Importer(2089858483,0ecaa5967403d082aa24f35e1b516d23) Generated GUIDs only implemented for interfaces!
 -> (artifact id: 'e119b0e9cae46b384790203bc216b430') in 0.009604 seconds
Number of updated asset objects reloaded before import = 0
Number of asset objects unloaded after import = 1
========================================================================
Received Import Request.
  Time since last request: 745.748678 seconds.
  path: Assets/materials/pico.mat
  artifactKey: Guid(5883029a634b7c74ebeeab7dffc20093) Importer(815301076,1909f56bfc062723c751e8b465ee728b)
Start importing Assets/materials/pico.mat using Guid(5883029a634b7c74ebeeab7dffc20093) Importer(815301076,1909f56bfc062723c751e8b465ee728b)  -> (artifact id: 'e697c9f9b95cc685dc2d8a4e002e347b') in 0.015213 seconds
Number of updated asset objects reloaded before import = 0
Number of asset objects unloaded after import = 1
========================================================================
Received Import Request.
  Time since last request: 0.961896 seconds.
  path: Assets/materials/pico.mat
  artifactKey: Guid(5883029a634b7c74ebeeab7dffc20093) Importer(2089858483,0ecaa5967403d082aa24f35e1b516d23)
Start importing Assets/materials/pico.mat using Guid(5883029a634b7c74ebeeab7dffc20093) Importer(2089858483,0ecaa5967403d082aa24f35e1b516d23) Generated GUIDs only implemented for interfaces!
 -> (artifact id: '8fa86e6a0cc005288cd8434e7d28ec38') in 0.011969 seconds
Number of updated asset objects reloaded before import = 0
Number of asset objects unloaded after import = 1
